#
# A fatal error has been detected by the Java Runtime Environment:
#
#  EXCEPTION_ACCESS_VIOLATION (0xc0000005) at pc=0x000000005d9fbad0, pid=8476, tid=0x00000000000023f0
#
# JRE version: OpenJDK Runtime Environment (8.0_76-b03) (build 1.8.0_76-release-b03)
# Java VM: OpenJDK 64-Bit Server VM (25.76-b03 mixed mode windows-amd64 compressed oops)
# Problematic frame:
# V  [jvm.dll+0x42bad0]
#
# Failed to write core dump. Minidumps are not enabled by default on client versions of Windows
#
# If you would like to submit a bug report, please visit:
#   http://bugreport.java.com/bugreport/crash.jsp
#

---------------  T H R E A D  ---------------

Current thread (0x0000000014e1f800):  JavaThread "C2 CompilerThread1" daemon [_thread_in_native, id=9200, stack(0x0000000016580000,0x0000000016680000)]

siginfo: ExceptionCode=0xc0000005, reading address 0x000000201be2c788

Registers:
RAX=0x000000001824c660, RBX=0x0000000000000000, RCX=0x000000201be2c760, RDX=0x0000000000000000
RSP=0x000000001667c1e0, RBP=0xffffffffffffffff, RSI=0x000000001c122538, RDI=0x0000000019ffd990
R8 =0x00000000ffffffff, R9 =0x0000000000000000, R10=0x000000000000005c, R11=0x0000000000000041
R12=0x000000001667c5f0, R13=0x0000000014e5d0f8, R14=0x0000000000000088, R15=0x0000000000000011
RIP=0x000000005d9fbad0, EFLAGS=0x0000000000010297

Top of Stack: (sp=0x000000001667c1e0)
0x000000001667c1e0:   000000001a67d6c0 000000001a90cb30
0x000000001667c1f0:   00000000000003e7 ffffffffffffffff
0x000000001667c200:   00000067000004c5 0000000019ffd990
0x000000001667c210:   0000000000000008 00000000000004c5
0x000000001667c220:   0000000000000000 0000000000000000
0x000000001667c230:   000000001667c300 00000000000003d8
0x000000001667c240:   0000000014e299d8 0000000014e29600
0x000000001667c250:   000000001667c380 0000000000000000
0x000000001667c260:   000000001667c5f0 0000000014e295f0
0x000000001667c270:   000000001667c700 000000005d9fe7e4
0x000000001667c280:   000000001667c5f0 000000001667c300
0x000000001667c290:   00000000ffffffff 0000000000000001
0x000000001667c2a0:   0000000000000002 0000000014e295f0
0x000000001667c2b0:   000000001a632fd0 000000001a6a2cd0
0x000000001667c2c0:   000000001a6a2cd0 000000000010fc68
0x000000001667c2d0:   0000000000000002 0000000017c664a0 

Instructions: (pc=0x000000005d9fbad0)
0x000000005d9fbab0:   0f 83 0c 02 00 00 49 c1 e6 03 66 0f 1f 44 00 00
0x000000005d9fbac0:   48 8b 46 08 49 8b 0c 06 49 8b 84 24 28 01 00 00
0x000000005d9fbad0:   48 63 51 28 8b 1c 90 85 db 0f 84 c0 01 00 00 45
0x000000005d9fbae0:   84 c9 74 11 45 3b c7 75 0c 48 8b 06 48 8b ce ff 


Register to memory mapping:

RAX=0x000000001824c660 is an unknown value
RBX=0x0000000000000000 is an unknown value
RCX=0x000000201be2c760 is an unknown value
RDX=0x0000000000000000 is an unknown value
RSP=0x000000001667c1e0 is pointing into the stack for thread: 0x0000000014e1f800
RBP=0xffffffffffffffff is an unknown value
RSI=0x000000001c122538 is an unknown value
RDI=0x0000000019ffd990 is an unknown value
R8 =0x00000000ffffffff is an unallocated location in the heap
R9 =0x0000000000000000 is an unknown value
R10=0x000000000000005c is an unknown value
R11=0x0000000000000041 is an unknown value
R12=0x000000001667c5f0 is pointing into the stack for thread: 0x0000000014e1f800
R13=0x0000000014e5d0f8 is an unknown value
R14=0x0000000000000088 is an unknown value
R15=0x0000000000000011 is an unknown value


Stack: [0x0000000016580000,0x0000000016680000],  sp=0x000000001667c1e0,  free space=1008k
Native frames: (J=compiled Java code, j=interpreted, Vv=VM code, C=native code)
V  [jvm.dll+0x42bad0]
V  [jvm.dll+0x42e7e4]
V  [jvm.dll+0x43931b]
V  [jvm.dll+0x43badf]
V  [jvm.dll+0x41f212]
V  [jvm.dll+0x806e9]
V  [jvm.dll+0x8101f]
V  [jvm.dll+0x21bc14]
V  [jvm.dll+0x26b60a]
C  [msvcr100.dll+0x21d9f]
C  [msvcr100.dll+0x21e3b]
C  [KERNEL32.DLL+0x8364]
C  [ntdll.dll+0x670d1]


Current CompileTask:
C2:   3995 3123   !   4       java.net.URLClassLoader$1::run (63 bytes)


---------------  P R O C E S S  ---------------

Java Threads: ( => current thread )
  0x000000001a57d800 JavaThread "File lock request listener" [_thread_in_native, id=1632, stack(0x000000001d2f0000,0x000000001d3f0000)]
  0x0000000017f6f800 JavaThread "Stdin handler" [_thread_blocked, id=7148, stack(0x00000000192d0000,0x00000000193d0000)]
  0x0000000017b0c000 JavaThread "Asynchronous log dispatcher for org.gradle.launcher.daemon.server.DefaultDaemonConnection@518b280a" [_thread_blocked, id=7336, stack(0x00000000191d0000,0x00000000192d0000)]
  0x0000000017c4c000 JavaThread "Daemon worker" [_thread_in_Java, id=7192, stack(0x00000000190d0000,0x00000000191d0000)]
  0x00000000179cb800 JavaThread "Cancel handler" [_thread_blocked, id=4672, stack(0x0000000018fd0000,0x00000000190d0000)]
  0x0000000017c60000 JavaThread "Handler for socket connection from /127.0.0.1:56546 to /127.0.0.1:56548" [_thread_in_native, id=7332, stack(0x0000000018ed0000,0x0000000018fd0000)]
  0x0000000017c5e000 JavaThread "Daemon" [_thread_blocked, id=3876, stack(0x0000000018dd0000,0x0000000018ed0000)]
  0x0000000017c17800 JavaThread "pool-1-thread-1" [_thread_blocked, id=8932, stack(0x0000000018cd0000,0x0000000018dd0000)]
  0x0000000017914800 JavaThread "Incoming local TCP Connector on port 56546" [_thread_in_native, id=6504, stack(0x0000000017580000,0x0000000017680000)]
  0x00000000167a0800 JavaThread "Service Thread" daemon [_thread_blocked, id=4112, stack(0x0000000016b80000,0x0000000016c80000)]
  0x0000000014e26000 JavaThread "C1 CompilerThread2" daemon [_thread_blocked, id=4588, stack(0x0000000016680000,0x0000000016780000)]
=>0x0000000014e1f800 JavaThread "C2 CompilerThread1" daemon [_thread_in_native, id=9200, stack(0x0000000016580000,0x0000000016680000)]
  0x0000000014e1d800 JavaThread "C2 CompilerThread0" daemon [_thread_in_native, id=6472, stack(0x0000000016480000,0x0000000016580000)]
  0x0000000014e1c800 JavaThread "Attach Listener" daemon [_thread_blocked, id=6308, stack(0x0000000016380000,0x0000000016480000)]
  0x0000000014e1b800 JavaThread "Signal Dispatcher" daemon [_thread_blocked, id=4516, stack(0x0000000016280000,0x0000000016380000)]
  0x0000000014e08800 JavaThread "Finalizer" daemon [_thread_blocked, id=364, stack(0x0000000016090000,0x0000000016190000)]
  0x0000000002742800 JavaThread "Reference Handler" daemon [_thread_blocked, id=7284, stack(0x0000000015f90000,0x0000000016090000)]
  0x000000000264e000 JavaThread "main" [_thread_blocked, id=5460, stack(0x00000000024b0000,0x00000000025b0000)]

Other Threads:
  0x0000000014de5000 VMThread [stack: 0x0000000015e90000,0x0000000015f90000] [id=6460]
  0x0000000014e7e800 WatcherThread [stack: 0x0000000016c80000,0x0000000016d80000] [id=8760]

VM state:not at safepoint (normal execution)

VM Mutex/Monitor currently owned by a thread: None

Heap:
 PSYoungGen      total 102400K, used 84882K [0x00000000eab00000, 0x00000000f1a80000, 0x0000000100000000)
  eden space 93696K, 84% used [0x00000000eab00000,0x00000000ef8b1f70,0x00000000f0680000)
  from space 8704K, 61% used [0x00000000f1200000,0x00000000f1732b38,0x00000000f1a80000)
  to   space 10240K, 0% used [0x00000000f0680000,0x00000000f0680000,0x00000000f1080000)
 ParOldGen       total 67584K, used 13914K [0x00000000c0000000, 0x00000000c4200000, 0x00000000eab00000)
  object space 67584K, 20% used [0x00000000c0000000,0x00000000c0d969f0,0x00000000c4200000)
 Metaspace       used 31913K, capacity 32440K, committed 32640K, reserved 1077248K
  class space    used 4316K, capacity 4439K, committed 4480K, reserved 1048576K

Card table byte_map: [0x0000000011b10000,0x0000000011d20000] byte_map_base: 0x0000000011510000

Marking Bits: (ParMarkBitMap*) 0x000000005dd89d00
 Begin Bits: [0x0000000012280000, 0x0000000013280000)
 End Bits:   [0x0000000013280000, 0x0000000014280000)

Polling page: 0x00000000003f0000

CodeCache: size=245760Kb used=12547Kb max_used=12547Kb free=233212Kb
 bounds [0x0000000002750000, 0x00000000033a0000, 0x0000000011750000]
 total_blobs=4278 nmethods=3619 adapters=571
 compilation: enabled

Compilation events (10 events):
Event: 3.969 Thread 0x0000000014e26000 3625       2       org.objectweb.asm.ClassWriter::visitField (16 bytes)
Event: 3.969 Thread 0x0000000014e26000 nmethod 3625 0x000000000335f510 code [0x000000000335f680, 0x000000000335f888]
Event: 3.969 Thread 0x0000000014e26000 3626       2       org.objectweb.asm.FieldWriter::<init> (97 bytes)
Event: 3.970 Thread 0x0000000014e26000 nmethod 3626 0x0000000003389710 code [0x00000000033898a0, 0x0000000003389bc8]
Event: 3.970 Thread 0x0000000014e26000 3628       2       org.objectweb.asm.FieldWriter::a (262 bytes)
Event: 3.971 Thread 0x0000000014e26000 nmethod 3628 0x0000000003389dd0 code [0x0000000003389fe0, 0x000000000338a688]
Event: 3.971 Thread 0x0000000014e26000 3629       2       org.objectweb.asm.FieldWriter::a (475 bytes)
Event: 3.971 Thread 0x0000000014e26000 nmethod 3629 0x000000000338ad90 code [0x000000000338b0a0, 0x000000000338b938]
Event: 3.971 Thread 0x0000000014e26000 3630       2       java.lang.reflect.Constructor::acquireConstructorAccessor (44 bytes)
Event: 3.972 Thread 0x0000000014e26000 nmethod 3630 0x000000000338c250 code [0x000000000338c3c0, 0x000000000338c638]

GC Heap History (10 events):
Event: 1.536 GC heap before
{Heap before GC invocations=3 (full 0):
 PSYoungGen      total 38400K, used 37881K [0x00000000eab00000, 0x00000000ed580000, 0x0000000100000000)
  eden space 33280K, 98% used [0x00000000eab00000,0x00000000ecb04538,0x00000000ecb80000)
  from space 5120K, 99% used [0x00000000ed080000,0x00000000ed579fa8,0x00000000ed580000)
  to   space 5120K, 0% used [0x00000000ecb80000,0x00000000ecb80000,0x00000000ed080000)
 ParOldGen       total 87552K, used 1116K [0x00000000c0000000, 0x00000000c5580000, 0x00000000eab00000)
  object space 87552K, 1% used [0x00000000c0000000,0x00000000c0117260,0x00000000c5580000)
 Metaspace       used 18587K, capacity 18946K, committed 19072K, reserved 1064960K
  class space    used 2490K, capacity 2621K, committed 2688K, reserved 1048576K
Event: 1.546 GC heap after
Heap after GC invocations=3 (full 0):
 PSYoungGen      total 38400K, used 5119K [0x00000000eab00000, 0x00000000ef600000, 0x0000000100000000)
  eden space 33280K, 0% used [0x00000000eab00000,0x00000000eab00000,0x00000000ecb80000)
  from space 5120K, 99% used [0x00000000ecb80000,0x00000000ed07fc30,0x00000000ed080000)
  to   space 5120K, 0% used [0x00000000ef100000,0x00000000ef100000,0x00000000ef600000)
 ParOldGen       total 87552K, used 5560K [0x00000000c0000000, 0x00000000c5580000, 0x00000000eab00000)
  object space 87552K, 6% used [0x00000000c0000000,0x00000000c056e0f0,0x00000000c5580000)
 Metaspace       used 18587K, capacity 18946K, committed 19072K, reserved 1064960K
  class space    used 2490K, capacity 2621K, committed 2688K, reserved 1048576K
}
Event: 1.778 GC heap before
{Heap before GC invocations=4 (full 0):
 PSYoungGen      total 38400K, used 26489K [0x00000000eab00000, 0x00000000ef600000, 0x0000000100000000)
  eden space 33280K, 64% used [0x00000000eab00000,0x00000000ebfdeb38,0x00000000ecb80000)
  from space 5120K, 99% used [0x00000000ecb80000,0x00000000ed07fc30,0x00000000ed080000)
  to   space 5120K, 0% used [0x00000000ef100000,0x00000000ef100000,0x00000000ef600000)
 ParOldGen       total 87552K, used 5560K [0x00000000c0000000, 0x00000000c5580000, 0x00000000eab00000)
  object space 87552K, 6% used [0x00000000c0000000,0x00000000c056e0f0,0x00000000c5580000)
 Metaspace       used 20844K, capacity 21158K, committed 21296K, reserved 1067008K
  class space    used 2760K, capacity 2884K, committed 2944K, reserved 1048576K
Event: 1.789 GC heap after
Heap after GC invocations=4 (full 0):
 PSYoungGen      total 71680K, used 5104K [0x00000000eab00000, 0x00000000ef600000, 0x0000000100000000)
  eden space 66560K, 0% used [0x00000000eab00000,0x00000000eab00000,0x00000000eec00000)
  from space 5120K, 99% used [0x00000000ef100000,0x00000000ef5fc030,0x00000000ef600000)
  to   space 5120K, 0% used [0x00000000eec00000,0x00000000eec00000,0x00000000ef100000)
 ParOldGen       total 87552K, used 7872K [0x00000000c0000000, 0x00000000c5580000, 0x00000000eab00000)
  object space 87552K, 8% used [0x00000000c0000000,0x00000000c07b0398,0x00000000c5580000)
 Metaspace       used 20844K, capacity 21158K, committed 21296K, reserved 1067008K
  class space    used 2760K, capacity 2884K, committed 2944K, reserved 1048576K
}
Event: 1.789 GC heap before
{Heap before GC invocations=5 (full 1):
 PSYoungGen      total 71680K, used 5104K [0x00000000eab00000, 0x00000000ef600000, 0x0000000100000000)
  eden space 66560K, 0% used [0x00000000eab00000,0x00000000eab00000,0x00000000eec00000)
  from space 5120K, 99% used [0x00000000ef100000,0x00000000ef5fc030,0x00000000ef600000)
  to   space 5120K, 0% used [0x00000000eec00000,0x00000000eec00000,0x00000000ef100000)
 ParOldGen       total 87552K, used 7872K [0x00000000c0000000, 0x00000000c5580000, 0x00000000eab00000)
  object space 87552K, 8% used [0x00000000c0000000,0x00000000c07b0398,0x00000000c5580000)
 Metaspace       used 20844K, capacity 21158K, committed 21296K, reserved 1067008K
  class space    used 2760K, capacity 2884K, committed 2944K, reserved 1048576K
Event: 1.832 GC heap after
Heap after GC invocations=5 (full 1):
 PSYoungGen      total 71680K, used 0K [0x00000000eab00000, 0x00000000ef600000, 0x0000000100000000)
  eden space 66560K, 0% used [0x00000000eab00000,0x00000000eab00000,0x00000000eec00000)
  from space 5120K, 0% used [0x00000000ef100000,0x00000000ef100000,0x00000000ef600000)
  to   space 5120K, 0% used [0x00000000eec00000,0x00000000eec00000,0x00000000ef100000)
 ParOldGen       total 67584K, used 11547K [0x00000000c0000000, 0x00000000c4200000, 0x00000000eab00000)
  object space 67584K, 17% used [0x00000000c0000000,0x00000000c0b46d30,0x00000000c4200000)
 Metaspace       used 20844K, capacity 21158K, committed 21296K, reserved 1067008K
  class space    used 2760K, capacity 2884K, committed 2944K, reserved 1048576K
}
Event: 2.671 GC heap before
{Heap before GC invocations=6 (full 1):
 PSYoungGen      total 71680K, used 66560K [0x00000000eab00000, 0x00000000ef600000, 0x0000000100000000)
  eden space 66560K, 100% used [0x00000000eab00000,0x00000000eec00000,0x00000000eec00000)
  from space 5120K, 0% used [0x00000000ef100000,0x00000000ef100000,0x00000000ef600000)
  to   space 5120K, 0% used [0x00000000eec00000,0x00000000eec00000,0x00000000ef100000)
 ParOldGen       total 67584K, used 11547K [0x00000000c0000000, 0x00000000c4200000, 0x00000000eab00000)
  object space 67584K, 17% used [0x00000000c0000000,0x00000000c0b46d30,0x00000000c4200000)
 Metaspace       used 26010K, capacity 26560K, committed 26880K, reserved 1073152K
  class space    used 3588K, capacity 3742K, committed 3840K, reserved 1048576K
Event: 2.679 GC heap after
Heap after GC invocations=6 (full 1):
 PSYoungGen      total 71680K, used 5090K [0x00000000eab00000, 0x00000000f1c00000, 0x0000000100000000)
  eden space 66560K, 0% used [0x00000000eab00000,0x00000000eab00000,0x00000000eec00000)
  from space 5120K, 99% used [0x00000000eec00000,0x00000000ef0f8830,0x00000000ef100000)
  to   space 10240K, 0% used [0x00000000f1200000,0x00000000f1200000,0x00000000f1c00000)
 ParOldGen       total 67584K, used 13906K [0x00000000c0000000, 0x00000000c4200000, 0x00000000eab00000)
  object space 67584K, 20% used [0x00000000c0000000,0x00000000c0d949f0,0x00000000c4200000)
 Metaspace       used 26010K, capacity 26560K, committed 26880K, reserved 1073152K
  class space    used 3588K, capacity 3742K, committed 3840K, reserved 1048576K
}
Event: 3.272 GC heap before
{Heap before GC invocations=7 (full 1):
 PSYoungGen      total 71680K, used 71650K [0x00000000eab00000, 0x00000000f1c00000, 0x0000000100000000)
  eden space 66560K, 100% used [0x00000000eab00000,0x00000000eec00000,0x00000000eec00000)
  from space 5120K, 99% used [0x00000000eec00000,0x00000000ef0f8830,0x00000000ef100000)
  to   space 10240K, 0% used [0x00000000f1200000,0x00000000f1200000,0x00000000f1c00000)
 ParOldGen       total 67584K, used 13906K [0x00000000c0000000, 0x00000000c4200000, 0x00000000eab00000)
  object space 67584K, 20% used [0x00000000c0000000,0x00000000c0d949f0,0x00000000c4200000)
 Metaspace       used 28187K, capacity 28766K, committed 29184K, reserved 1075200K
  class space    used 3837K, capacity 4003K, committed 4096K, reserved 1048576K
Event: 3.278 GC heap after
Heap after GC invocations=7 (full 1):
 PSYoungGen      total 102400K, used 5322K [0x00000000eab00000, 0x00000000f1a80000, 0x0000000100000000)
  eden space 93696K, 0% used [0x00000000eab00000,0x00000000eab00000,0x00000000f0680000)
  from space 8704K, 61% used [0x00000000f1200000,0x00000000f1732b38,0x00000000f1a80000)
  to   space 10240K, 0% used [0x00000000f0680000,0x00000000f0680000,0x00000000f1080000)
 ParOldGen       total 67584K, used 13914K [0x00000000c0000000, 0x00000000c4200000, 0x00000000eab00000)
  object space 67584K, 20% used [0x00000000c0000000,0x00000000c0d969f0,0x00000000c4200000)
 Metaspace       used 28187K, capacity 28766K, committed 29184K, reserved 1075200K
  class space    used 3837K, capacity 4003K, committed 4096K, reserved 1048576K
}

Deoptimization events (10 events):
Event: 3.603 Thread 0x0000000017b0c000 Uncommon trap: reason=unstable_if action=reinterpret pc=0x00000000031ea43c method=com.esotericsoftware.kryo.io.Output.writeString(Ljava/lang/CharSequence;)V @ 1
Event: 3.623 Thread 0x0000000017c4c000 Uncommon trap: reason=bimorphic action=maybe_recompile pc=0x0000000002eaa4d8 method=java.lang.ClassLoader.getPackage(Ljava/lang/String;)Ljava/lang/Package; @ 47
Event: 3.625 Thread 0x0000000017c4c000 Uncommon trap: reason=bimorphic action=maybe_recompile pc=0x0000000002eaa4d8 method=java.lang.ClassLoader.getPackage(Ljava/lang/String;)Ljava/lang/Package; @ 47
Event: 3.626 Thread 0x0000000017c4c000 Uncommon trap: reason=bimorphic action=maybe_recompile pc=0x0000000002eaa4d8 method=java.lang.ClassLoader.getPackage(Ljava/lang/String;)Ljava/lang/Package; @ 47
Event: 3.626 Thread 0x0000000017c4c000 Uncommon trap: reason=bimorphic action=maybe_recompile pc=0x0000000002eaa4d8 method=java.lang.ClassLoader.getPackage(Ljava/lang/String;)Ljava/lang/Package; @ 47
Event: 3.627 Thread 0x0000000017c4c000 Uncommon trap: reason=bimorphic action=maybe_recompile pc=0x0000000002ed5adc method=java.lang.ClassLoader.getPackage(Ljava/lang/String;)Ljava/lang/Package; @ 47
Event: 3.830 Thread 0x0000000017c4c000 Uncommon trap: reason=unstable_if action=reinterpret pc=0x0000000002abd1b4 method=java.util.HashMap.putVal(ILjava/lang/Object;Ljava/lang/Object;ZZ)Ljava/lang/Object; @ 162
Event: 3.830 Thread 0x0000000017c4c000 Uncommon trap: reason=unstable_if action=reinterpret pc=0x000000000310d160 method=java.util.HashMap.putVal(ILjava/lang/Object;Ljava/lang/Object;ZZ)Ljava/lang/Object; @ 162
Event: 3.830 Thread 0x0000000017c4c000 Uncommon trap: reason=unstable_if action=reinterpret pc=0x000000000320d4bc method=java.util.HashMap.putVal(ILjava/lang/Object;Ljava/lang/Object;ZZ)Ljava/lang/Object; @ 162
Event: 3.830 Thread 0x0000000017c4c000 Uncommon trap: reason=unstable_if action=reinterpret pc=0x0000000002a4e454 method=java.util.HashMap.resize()[Ljava/util/HashMap$Node; @ 206

Internal exceptions (10 events):
Event: 3.621 Thread 0x0000000017c4c000 Exception <a 'java/lang/ClassNotFoundException': org/gradle/api/plugins/ObjectConfigurationActionBeanInfo> (0x00000000ec3fd0f8) thrown at [C:\src\android\AOSP-openjdk\external\jetbrains\jdk\hotspot\src\share\vm\classfile\systemDictionary.cpp, line 210]
Event: 3.621 Thread 0x0000000017c4c000 Exception <a 'java/lang/ClassNotFoundException': org/gradle/api/plugins/ObjectConfigurationActionCustomizer> (0x00000000ec422738) thrown at [C:\src\android\AOSP-openjdk\external\jetbrains\jdk\hotspot\src\share\vm\classfile\systemDictionary.cpp, line 210]
Event: 3.659 Thread 0x0000000017c4c000 Exception <a 'java/lang/ClassNotFoundException': com/android/build/gradle/AppPluginBeanInfo> (0x00000000ec841c28) thrown at [C:\src\android\AOSP-openjdk\external\jetbrains\jdk\hotspot\src\share\vm\classfile\systemDictionary.cpp, line 210]
Event: 3.660 Thread 0x0000000017c4c000 Exception <a 'java/lang/ClassNotFoundException': com/android/build/gradle/BasePluginBeanInfo> (0x00000000ec84fc50) thrown at [C:\src\android\AOSP-openjdk\external\jetbrains\jdk\hotspot\src\share\vm\classfile\systemDictionary.cpp, line 210]
Event: 3.660 Thread 0x0000000017c4c000 Exception <a 'java/lang/ClassNotFoundException': com/android/build/gradle/BasePluginCustomizer> (0x00000000ec85e020) thrown at [C:\src\android\AOSP-openjdk\external\jetbrains\jdk\hotspot\src\share\vm\classfile\systemDictionary.cpp, line 210]
Event: 3.660 Thread 0x0000000017c4c000 Exception <a 'java/lang/ClassNotFoundException': com/android/build/gradle/AppPluginCustomizer> (0x00000000ec86d670) thrown at [C:\src\android\AOSP-openjdk\external\jetbrains\jdk\hotspot\src\share\vm\classfile\systemDictionary.cpp, line 210]
Event: 3.751 Thread 0x0000000017c4c000 Exception <a 'java/lang/ClassNotFoundException': org/gradle/api/plugins/BasePluginConventionBeanInfo> (0x00000000ed1f1250) thrown at [C:\src\android\AOSP-openjdk\external\jetbrains\jdk\hotspot\src\share\vm\classfile\systemDictionary.cpp, line 210]
Event: 3.751 Thread 0x0000000017c4c000 Exception <a 'java/lang/ClassNotFoundException': org/gradle/api/plugins/BasePluginConventionCustomizer> (0x00000000ed224030) thrown at [C:\src\android\AOSP-openjdk\external\jetbrains\jdk\hotspot\src\share\vm\classfile\systemDictionary.cpp, line 210]
Event: 3.943 Thread 0x0000000017c4c000 Exception <a 'java/lang/ClassNotFoundException': org/gradle/api/plugins/JavaPluginConventionBeanInfo> (0x00000000ef369768) thrown at [C:\src\android\AOSP-openjdk\external\jetbrains\jdk\hotspot\src\share\vm\classfile\systemDictionary.cpp, line 210]
Event: 3.943 Thread 0x0000000017c4c000 Exception <a 'java/lang/ClassNotFoundException': org/gradle/api/plugins/JavaPluginConventionCustomizer> (0x00000000ef39c548) thrown at [C:\src\android\AOSP-openjdk\external\jetbrains\jdk\hotspot\src\share\vm\classfile\systemDictionary.cpp, line 210]

Events (10 events):
Event: 3.976 loading class com/android/build/gradle/api/ApkVariant
Event: 3.976 loading class com/android/build/gradle/api/ApkVariant done
Event: 3.976 loading class com/android/build/gradle/api/UnitTestVariant
Event: 3.976 loading class com/android/build/gradle/api/UnitTestVariant done
Event: 3.976 loading class com/android/build/gradle/internal/dsl/DataBindingOptions
Event: 3.976 loading class com/android/build/gradle/internal/dsl/DataBindingOptions done
Event: 3.976 loading class com/android/build/api/transform/Transform
Event: 3.976 loading class com/android/build/api/transform/Transform done
Event: 3.977 loading class org/gradle/api/tasks/SourceSet
Event: 3.977 loading class org/gradle/api/tasks/SourceSet done


Dynamic libraries:
0x00007ff602e00000 - 0x00007ff602e31000 	C:\Program Files\Android\Android Studio\jre\bin\java.exe
0x00007ffa0bb30000 - 0x00007ffa0bd01000 	C:\WINDOWS\SYSTEM32\ntdll.dll
0x00007ffa09a00000 - 0x00007ffa09aab000 	C:\WINDOWS\System32\KERNEL32.DLL
0x00007ffa08ea0000 - 0x00007ffa090bd000 	C:\WINDOWS\System32\KERNELBASE.dll
0x00007ffa09b50000 - 0x00007ffa09bf2000 	C:\WINDOWS\System32\ADVAPI32.dll
0x00007ffa09960000 - 0x00007ffa099fe000 	C:\WINDOWS\System32\msvcrt.dll
0x00007ffa0b670000 - 0x00007ffa0b6c9000 	C:\WINDOWS\System32\sechost.dll
0x00007ffa09360000 - 0x00007ffa09481000 	C:\WINDOWS\System32\RPCRT4.dll
0x00007ffa0b9c0000 - 0x00007ffa0bb25000 	C:\WINDOWS\System32\USER32.dll
0x00007ffa080c0000 - 0x00007ffa080de000 	C:\WINDOWS\System32\win32u.dll
0x00007ffa09b10000 - 0x00007ffa09b44000 	C:\WINDOWS\System32\GDI32.dll
0x00007ffa08ab0000 - 0x00007ffa08c32000 	C:\WINDOWS\System32\gdi32full.dll
0x00007ff9f2340000 - 0x00007ff9f25b9000 	C:\WINDOWS\WinSxS\amd64_microsoft.windows.common-controls_6595b64144ccf1df_6.0.14393.447_none_42191651c6827bb3\COMCTL32.dll
0x00007ffa0b110000 - 0x00007ffa0b3d8000 	C:\WINDOWS\System32\combase.dll
0x00007ffa08da0000 - 0x00007ffa08e95000 	C:\WINDOWS\System32\ucrtbase.dll
0x00007ffa087c0000 - 0x00007ffa0882a000 	C:\WINDOWS\System32\bcryptPrimitives.dll
0x00007ffa09330000 - 0x00007ffa0935e000 	C:\WINDOWS\System32\IMM32.DLL
0x000000005d4f0000 - 0x000000005d5c2000 	C:\Program Files\Android\Android Studio\jre\jre\bin\msvcr100.dll
0x000000005d5d0000 - 0x000000005de04000 	C:\Program Files\Android\Android Studio\jre\jre\bin\server\jvm.dll
0x00007ffa0b9a0000 - 0x00007ffa0b9a8000 	C:\WINDOWS\System32\PSAPI.DLL
0x00007ffa064a0000 - 0x00007ffa064c3000 	C:\WINDOWS\SYSTEM32\WINMM.dll
0x00007ff9ff240000 - 0x00007ff9ff24a000 	C:\WINDOWS\SYSTEM32\VERSION.dll
0x00007ff9ed1d0000 - 0x00007ff9ed1d9000 	C:\WINDOWS\SYSTEM32\WSOCK32.dll
0x00007ffa0b600000 - 0x00007ffa0b66a000 	C:\WINDOWS\System32\WS2_32.dll
0x0000000000c00000 - 0x0000000000c2b000 	C:\WINDOWS\SYSTEM32\WINMMBASE.dll
0x00007ffa08830000 - 0x00007ffa08872000 	C:\WINDOWS\System32\cfgmgr32.dll
0x00007ff9f10a0000 - 0x00007ff9f10af000 	C:\Program Files\Android\Android Studio\jre\jre\bin\verify.dll
0x00007ff9ef9b0000 - 0x00007ff9ef9d9000 	C:\Program Files\Android\Android Studio\jre\jre\bin\java.dll
0x00007ff9efbc0000 - 0x00007ff9efbd6000 	C:\Program Files\Android\Android Studio\jre\jre\bin\zip.dll
0x00007ffa09c00000 - 0x00007ffa0b109000 	C:\WINDOWS\System32\SHELL32.dll
0x00007ffa080e0000 - 0x00007ffa087ba000 	C:\WINDOWS\System32\windows.storage.dll
0x00007ffa07f90000 - 0x00007ffa07fdc000 	C:\WINDOWS\System32\powrprof.dll
0x00007ffa09ab0000 - 0x00007ffa09b02000 	C:\WINDOWS\System32\shlwapi.dll
0x00007ffa08010000 - 0x00007ffa0801f000 	C:\WINDOWS\System32\kernel.appcore.dll
0x00007ffa08c40000 - 0x00007ffa08ce9000 	C:\WINDOWS\System32\shcore.dll
0x00007ffa07fe0000 - 0x00007ffa07ff4000 	C:\WINDOWS\System32\profapi.dll
0x00007ffa05650000 - 0x00007ffa0566a000 	C:\Program Files\Android\Android Studio\jre\jre\bin\net.dll
0x00007ffa07860000 - 0x00007ffa078bc000 	C:\WINDOWS\system32\mswsock.dll
0x00007ffa05630000 - 0x00007ffa05641000 	C:\Program Files\Android\Android Studio\jre\jre\bin\nio.dll
0x00007ff9e5f90000 - 0x00007ff9e5fa2000 	C:\Users\mchd.dms\.gradle\native\19\windows-amd64\native-platform.dll
0x00007ffa07a00000 - 0x00007ffa07a17000 	C:\WINDOWS\SYSTEM32\CRYPTSP.dll
0x00007ffa07480000 - 0x00007ffa074b3000 	C:\WINDOWS\system32\rsaenh.dll
0x00007ffa07ed0000 - 0x00007ffa07efb000 	C:\WINDOWS\SYSTEM32\bcrypt.dll
0x00007ffa076e0000 - 0x00007ffa076ff000 	C:\WINDOWS\SYSTEM32\USERENV.dll
0x00007ffa07a20000 - 0x00007ffa07a2b000 	C:\WINDOWS\SYSTEM32\CRYPTBASE.dll
0x00007ffa075f0000 - 0x00007ffa07628000 	C:\WINDOWS\SYSTEM32\IPHLPAPI.DLL
0x00007ffa090c0000 - 0x00007ffa090c8000 	C:\WINDOWS\System32\NSI.dll
0x00007ffa02f70000 - 0x00007ffa02f86000 	C:\WINDOWS\SYSTEM32\dhcpcsvc6.DLL
0x00007ffa02f50000 - 0x00007ffa02f6a000 	C:\WINDOWS\SYSTEM32\dhcpcsvc.DLL
0x00007ff9f1090000 - 0x00007ff9f109d000 	C:\Program Files\Android\Android Studio\jre\jre\bin\management.dll
0x00007ff9fc510000 - 0x00007ff9fc6a2000 	C:\WINDOWS\SYSTEM32\dbghelp.dll

VM Arguments:
jvm_args: -XX:MaxPermSize=256m -XX:+HeapDumpOnOutOfMemoryError -Xmx1024m -Dfile.encoding=windows-1252 -Duser.country=US -Duser.language=en -Duser.variant 
java_command: org.gradle.launcher.daemon.bootstrap.GradleDaemon 2.14.1
java_class_path (initial): C:\Program Files\Android\Android Studio\gradle\gradle-2.14.1\lib\gradle-launcher-2.14.1.jar
Launcher Type: SUN_STANDARD

Environment Variables:
JAVA_HOME=C:\Program Files\Java\jre1.8.0_101
PATH=C:\ProgramData\Oracle\Java\javapath;C:\WINDOWS\system32;C:\WINDOWS;C:\WINDOWS\System32\Wbem;C:\WINDOWS\System32\WindowsPowerShell\v1.0\;C:\Program Files (x86)\Microsoft SQL Server\100\Tools\Binn\;C:\Program Files\Microsoft SQL Server\100\Tools\Binn\;C:\Program Files\Microsoft SQL Server\100\DTS\Binn\;C:\Program Files (x86)\Microsoft SQL Server\100\Tools\Binn\VSShell\Common7\IDE\;C:\Program Files (x86)\Microsoft Visual Studio 9.0\Common7\IDE\PrivateAssemblies\;C:\Program Files (x86)\Microsoft SQL Server\100\DTS\Binn\;C:\Program Files (x86)\Windows Kits\8.0\Windows Performance Toolkit\;C:\Program Files\Microsoft SQL Server\110\Tools\Binn\;C:\Users\SadiqMdAsif\Desktop\;C:\Program Files\Microsoft\Web Platform Installer\;C:\Program Files (x86)\Microsoft ASP.NET\ASP.NET Web Pages\v1.0\;C:\Program Files\Git\cmd;C:\Users\mchd.dms\AppData\Local\Microsoft\WindowsApps;
USERNAME=mchd.dms
OS=Windows_NT
PROCESSOR_IDENTIFIER=Intel64 Family 6 Model 58 Stepping 9, GenuineIntel



---------------  S Y S T E M  ---------------

OS: Windows 10.0 , 64 bit Build 14393 (10.0.14393.0)

CPU:total 4 (4 cores per cpu, 1 threads per core) family 6 model 58 stepping 9, cmov, cx8, fxsr, mmx, sse, sse2, sse3, ssse3, sse4.1, sse4.2, popcnt, avx, aes, clmul, erms, tsc, tscinvbit, tscinv

Memory: 4k page, physical 8288236k(4106508k free), swap 9598956k(4371448k free)

vm_info: OpenJDK 64-Bit Server VM (25.76-b03) for windows-amd64 JRE (1.8.0_76-release-b03), built on Jun 29 2016 19:09:20 by "ralucas" with MS VC++ 10.0 (VS2010)

time: Mon Jan 23 14:00:04 2017
elapsed time: 3 seconds (0d 0h 0m 3s)

